<?xml version="1.0" encoding="UTF-8"?>
<testng-results ignored="0" total="1" passed="1" failed="0" skipped="0">
  <reporter-output>
  </reporter-output>
  <suite started-at="2024-08-01T11:33:36 IST" name="Default suite" finished-at="2024-08-01T11:33:45 IST" duration-ms="8947">
    <groups>
    </groups>
    <test started-at="2024-08-01T11:33:36 IST" name="Default test" finished-at="2024-08-01T11:33:45 IST" duration-ms="8947">
      <class name="TestCase.TestCaseVTiger">
        <test-method is-config="true" signature="preCondition()[pri:0, instance:TestCase.TestCaseVTiger@53045c6c]" started-at="2024-08-01T11:33:36 IST" name="preCondition" finished-at="2024-08-01T11:33:40 IST" duration-ms="3989" status="PASS">
          <reporter-output>
          </reporter-output>
        </test-method> <!-- preCondition -->
        <test-method is-config="true" signature="login()[pri:0, instance:TestCase.TestCaseVTiger@53045c6c]" started-at="2024-08-01T11:33:40 IST" name="login" finished-at="2024-08-01T11:33:45 IST" duration-ms="4867" status="PASS">
          <reporter-output>
          </reporter-output>
        </test-method> <!-- login -->
        <test-method signature="logins()[pri:0, instance:TestCase.TestCaseVTiger@53045c6c]" started-at="2024-08-01T11:33:45 IST" name="logins" finished-at="2024-08-01T11:33:45 IST" duration-ms="11" status="PASS">
          <reporter-output>
          </reporter-output>
        </test-method> <!-- logins -->
        <test-method is-config="true" signature="postCondition()[pri:0, instance:TestCase.TestCaseVTiger@53045c6c]" started-at="2024-08-01T11:33:45 IST" name="postCondition" finished-at="2024-08-01T11:33:45 IST" duration-ms="0" status="PASS">
          <reporter-output>
          </reporter-output>
        </test-method> <!-- postCondition -->
        <test-method is-config="true" signature="logout()[pri:0, instance:TestCase.TestCaseVTiger@53045c6c]" started-at="2024-08-01T11:33:45 IST" name="logout" finished-at="2024-08-01T11:33:45 IST" duration-ms="0" status="PASS">
          <reporter-output>
          </reporter-output>
        </test-method> <!-- logout -->
      </class> <!-- TestCase.TestCaseVTiger -->
    </test> <!-- Default test -->
  </suite> <!-- Default suite -->
</testng-results>
